SF:lib/core/api/dio_client.dart
DA:12,0
DA:15,0
DA:16,0
DA:17,0
DA:18,0
DA:22,0
DA:23,0
DA:24,0
DA:25,0
DA:26,0
DA:27,0
DA:29,0
DA:31,0
DA:33,0
DA:36,0
DA:39,0
DA:41,0
DA:43,0
DA:44,0
LF:19
LH:0
end_of_record
SF:lib/features/characters/data/datasources/characters_remote_datasource.dart
DA:14,1
DA:18,1
DA:20,2
DA:21,1
DA:24,0
LF:5
LH:4
end_of_record
SF:lib/features/characters/data/models/characters_model.dart
DA:19,4
DA:33,8
DA:34,4
DA:35,4
DA:36,4
DA:37,4
DA:38,4
DA:39,4
DA:40,4
DA:41,4
DA:42,4
DA:43,12
DA:44,12
DA:47,6
DA:48,3
DA:49,3
DA:50,3
DA:51,3
DA:52,3
DA:53,3
DA:54,3
DA:55,3
DA:56,3
DA:57,3
DA:58,3
DA:60,1
DA:61,1
DA:62,1
DA:63,1
DA:64,1
DA:65,1
DA:66,1
DA:67,1
DA:68,1
DA:69,1
DA:70,1
DA:71,1
DA:72,1
LF:38
LH:38
end_of_record
SF:lib/features/characters/data/models/info_model.dart
DA:11,4
DA:18,8
DA:19,4
DA:20,4
DA:21,4
DA:22,4
DA:25,6
DA:26,3
DA:27,3
DA:28,3
DA:29,3
DA:32,1
DA:33,1
DA:34,1
DA:35,1
DA:36,1
DA:37,1
LF:17
LH:17
end_of_record
SF:lib/features/characters/data/models/response_model.dart
DA:11,4
DA:16,8
DA:17,8
DA:19,24
DA:22,6
DA:23,6
DA:24,15
DA:27,1
DA:28,1
DA:29,1
DA:30,1
LF:11
LH:11
end_of_record
SF:lib/features/characters/domain/entities/characters_entity.dart
DA:19,3
DA:33,2
DA:34,2
DA:35,2
DA:36,2
DA:37,2
DA:38,2
DA:39,2
DA:40,2
DA:41,2
DA:42,2
DA:43,2
DA:44,2
DA:45,2
LF:14
LH:14
end_of_record
SF:lib/features/characters/data/models/location_model.dart
DA:7,4
DA:12,8
DA:13,4
DA:14,4
DA:16,1
DA:17,1
DA:18,1
DA:19,1
LF:8
LH:8
end_of_record
SF:lib/features/characters/data/models/origin_model.dart
DA:7,4
DA:12,8
DA:13,4
DA:14,4
DA:17,1
DA:18,1
DA:19,1
DA:20,1
LF:8
LH:8
end_of_record
SF:lib/features/characters/domain/entities/info_entity.dart
DA:9,3
DA:15,2
DA:16,2
DA:17,2
DA:18,2
DA:19,2
DA:20,2
LF:7
LH:7
end_of_record
SF:lib/features/characters/domain/entities/response_entity.dart
DA:9,3
DA:13,2
DA:14,2
DA:15,2
DA:16,2
LF:5
LH:5
end_of_record
SF:lib/features/characters/domain/usecases/characters_usecase.dart
DA:7,1
DA:11,1
DA:12,2
LF:3
LH:3
end_of_record
SF:lib/injection_container.dart
DA:10,0
DA:12,0
DA:13,0
DA:14,0
DA:16,0
DA:17,0
DA:18,0
DA:22,0
DA:23,0
DA:24,0
DA:28,0
DA:29,0
DA:30,0
DA:33,0
DA:34,0
DA:35,0
DA:39,0
LF:17
LH:0
end_of_record
SF:lib/features/characters/data/repositories/characters_repository_impl.dart
DA:9,1
DA:13,1
DA:15,2
DA:16,1
LF:4
LH:4
end_of_record
SF:lib/features/characters/presentation/cubit/characters_state.dart
DA:4,1
DA:6,1
DA:7,1
DA:17,1
DA:23,0
LF:5
LH:4
end_of_record
SF:lib/features/characters/presentation/cubit/characters_cubit.dart
DA:10,3
DA:12,1
DA:13,2
DA:14,2
DA:15,1
DA:16,1
LF:6
LH:6
end_of_record
