SF:lib/core/api/dio_client.dart
DA:12,0
DA:15,0
DA:16,0
DA:17,0
DA:18,0
DA:22,0
DA:23,0
DA:24,0
DA:25,0
DA:26,0
DA:27,0
DA:29,0
DA:31,0
DA:33,0
DA:36,0
DA:39,0
DA:41,0
DA:43,0
DA:44,0
LF:19
LH:0
end_of_record
SF:lib/features/characters/data/datasources/characters_remote_datasource.dart
DA:13,1
DA:17,1
DA:19,2
DA:20,1
LF:4
LH:4
end_of_record
SF:lib/features/characters/data/models/characters_model.dart
DA:19,1
DA:33,2
DA:34,1
DA:35,1
DA:36,1
DA:37,1
DA:38,1
DA:39,1
DA:40,1
DA:41,1
DA:42,1
DA:43,3
DA:44,3
DA:47,0
DA:48,0
DA:49,0
DA:50,0
DA:51,0
DA:52,0
DA:53,0
DA:54,0
DA:55,0
DA:56,0
DA:57,0
DA:58,0
DA:60,1
DA:61,1
DA:62,1
DA:63,1
DA:64,1
DA:65,1
DA:66,1
DA:67,1
DA:68,1
DA:69,1
DA:70,1
DA:71,1
DA:72,1
LF:38
LH:26
end_of_record
SF:lib/features/characters/data/models/info_model.dart
DA:11,1
DA:18,2
DA:19,1
DA:20,1
DA:21,1
DA:22,1
DA:25,0
DA:26,0
DA:27,0
DA:28,0
DA:29,0
DA:32,1
DA:33,1
DA:34,1
DA:35,1
DA:36,1
DA:37,1
LF:17
LH:12
end_of_record
SF:lib/features/characters/data/models/response_model.dart
DA:11,1
DA:16,2
DA:17,2
DA:19,6
DA:22,0
DA:23,0
DA:24,0
DA:27,1
DA:28,1
DA:29,1
DA:30,1
LF:11
LH:8
end_of_record
SF:lib/injection_container.dart
DA:10,0
DA:12,0
DA:13,0
DA:14,0
DA:16,0
DA:17,0
DA:18,0
DA:22,0
DA:23,0
DA:24,0
DA:28,0
DA:29,0
DA:30,0
DA:33,0
DA:34,0
DA:35,0
DA:39,0
LF:17
LH:0
end_of_record
SF:lib/features/characters/domain/entities/characters_entity.dart
DA:19,0
DA:33,0
DA:34,0
DA:35,0
DA:36,0
DA:37,0
DA:38,0
DA:39,0
DA:40,0
DA:41,0
DA:42,0
DA:43,0
DA:44,0
DA:45,0
LF:14
LH:0
end_of_record
SF:lib/features/characters/data/models/location_model.dart
DA:7,1
DA:12,2
DA:13,1
DA:14,1
DA:16,1
DA:17,1
DA:18,1
DA:19,1
LF:8
LH:8
end_of_record
SF:lib/features/characters/data/models/origin_model.dart
DA:7,1
DA:12,2
DA:13,1
DA:14,1
DA:17,1
DA:18,1
DA:19,1
DA:20,1
LF:8
LH:8
end_of_record
SF:lib/features/characters/domain/entities/info_entity.dart
DA:9,0
DA:15,0
DA:16,0
DA:17,0
DA:18,0
DA:19,0
DA:20,0
LF:7
LH:0
end_of_record
SF:lib/features/characters/domain/entities/response_entity.dart
DA:9,0
DA:13,0
DA:14,0
DA:15,0
DA:16,0
LF:5
LH:0
end_of_record
SF:lib/features/characters/data/repositories/characters_repository_impl.dart
DA:9,0
DA:13,0
DA:15,0
DA:16,0
LF:4
LH:0
end_of_record
SF:lib/features/characters/domain/usecases/characters_usecase.dart
DA:7,0
DA:11,0
DA:12,0
LF:3
LH:0
end_of_record
SF:lib/features/characters/presentation/cubit/characters_state.dart
DA:4,0
DA:6,0
DA:7,0
DA:17,0
DA:23,0
LF:5
LH:0
end_of_record
SF:lib/features/characters/presentation/cubit/characters_cubit.dart
DA:10,0
DA:12,0
DA:13,0
DA:14,0
DA:15,0
DA:16,0
LF:6
LH:0
end_of_record
